======================================================
Job started on landonia19.inf.ed.ac.uk at Tue 29 Jul 16:48:02 BST 2025
Job ID: 2051565
======================================================
Conda environment 'diss' activated.
Using python: /home/s1978431/miniconda3/envs/diss/bin/python
Changed to /home/s1978431/DysfunctionalBreathingCharacterisation
Starting Python script: /home/s1978431/DysfunctionalBreathingCharacterisation/src/Classification/attention_cnn_cluster.py
Data source: /home/s1978431/DysfunctionalBreathingCharacterisation/data/bishkek_csr/03_train_ready
Results will be saved to: /home/s1978431/DysfunctionalBreathingCharacterisation/results/cd2051565
--- 1. Setting up configuration and constants ---

--- 2. Loading and preprocessing data ---
Found 9 event files. Processing each one...
  - Processing session: 10-05-2025
  - Applying precise interval-based labels...
  - Processing session: 11-05-2025
  - Applying precise interval-based labels...
  - Processing session: 24-04-2025
  - Applying precise interval-based labels...
  - Processing session: 16-04-2025
  - Applying precise interval-based labels...
  - Processing session: 25-04-2025
  - Applying precise interval-based labels...
  - Processing session: 26-04-2025
  - Applying precise interval-based labels...
  - Processing session: 08-05-2025
  - Applying precise interval-based labels...
  - Processing session: 04-04-2025
  - Applying precise interval-based labels...
  - Processing session: 05-04-2025
  - Applying precise interval-based labels...

----------------------------------------------------
Data loading with PURE signals complete.
Final DataFrame shape: (2363398, 14)
Final class distribution in raw data: 
Label
0    0.883192
5    0.071997
2    0.036877
1    0.007303
3    0.000425
4    0.000205
Name: proportion, dtype: float64

--- 3. Engineering features, imputing missing values, and normalizing ---
Engineering new signal-based features...
New features added: ['breathing_signal_rolling_mean', 'breathing_signal_rolling_std', 'accel_magnitude']

Checking for and imputing missing values (NaNs)...
  - Found 4762 NaNs in 'breathingSignal'. Applying forward-fill and backward-fill.
  - Found 2317390 NaNs in 'breathingRate'. Applying forward-fill and backward-fill.
  - Found 1954 NaNs in 'breathing_signal_rolling_mean'. Applying forward-fill and backward-fill.

Imputation complete. No NaNs remain in feature columns.

Applying per-session (per-subject) normalization...
Normalization complete.

--- 4. Creating time-series windows ---
Number of classes: 6
Class names: ['Normal', 'Obstructive Apnea', 'Hypopnea Events', 'Central/Mixed Apnea', 'RERA', 'Desaturation']

Starting the windowing process on normalized data...

Data windowing complete.
----------------------------------------------------
Shape of X (features): (31897, 375, 2)
Shape of y (labels):   (31897,)
Shape of groups (IDs): (31897,)
Final class distribution across all windows: Counter({np.int64(0): 28201, np.int64(5): 2501, np.int64(2): 1034, np.int64(1): 151, np.int64(3): 6, np.int64(4): 4})

--- 5. Setting up PyTorch device ---
Using device: cuda

--- 6. Performing initial train-test split for preliminary check ---
Train-test split complete.
Training set class distribution: Counter({np.int64(0): 21969, np.int64(5): 1612, np.int64(2): 699, np.int64(1): 115, np.int64(3): 4, np.int64(4): 4})
Testing set class distribution:  Counter({np.int64(0): 6232, np.int64(5): 889, np.int64(2): 335, np.int64(1): 36, np.int64(3): 2})

Balancing the training data using SMOTE...
  - Original training distribution: Counter({np.int64(0): 21969, np.int64(5): 1612, np.int64(2): 699, np.int64(1): 115, np.int64(3): 4, np.int64(4): 4})
Smallest minority class has 4 samples. Setting k_neighbors for SMOTE to 3.
  - Resampled training distribution: Counter({np.int64(0): 21969, np.int64(5): 21969, np.int64(2): 21969, np.int64(1): 21969, np.int64(3): 21969, np.int64(4): 21969})

PyTorch DataLoaders created successfully.

--- 7. Training and Evaluating on the initial split ---

PyTorch Improved CNN model created and moved to device.

Starting PyTorch model training with Early Stopping and LR Scheduler...
Epoch [1/100], Train Loss: 0.8785, Val Loss: 1.2654, Val Accuracy: 42.65%
Epoch [2/100], Train Loss: 0.5096, Val Loss: 0.7719, Val Accuracy: 70.66%
Epoch [3/100], Train Loss: 0.3870, Val Loss: 0.8138, Val Accuracy: 66.85%
Epoch [4/100], Train Loss: 0.2843, Val Loss: 0.8565, Val Accuracy: 67.63%
Epoch [5/100], Train Loss: 0.2239, Val Loss: 0.6355, Val Accuracy: 78.68%
Epoch [6/100], Train Loss: 0.1909, Val Loss: 0.6116, Val Accuracy: 80.45%
Epoch [7/100], Train Loss: 0.1675, Val Loss: 0.5885, Val Accuracy: 82.32%
Epoch [8/100], Train Loss: 0.1532, Val Loss: 0.6432, Val Accuracy: 79.69%
Epoch [9/100], Train Loss: 0.1403, Val Loss: 0.6585, Val Accuracy: 82.59%
Epoch [10/100], Train Loss: 0.1304, Val Loss: 0.6068, Val Accuracy: 83.36%
Epoch [11/100], Train Loss: 0.1227, Val Loss: 0.6449, Val Accuracy: 82.69%
Epoch [12/100], Train Loss: 0.1155, Val Loss: 0.6112, Val Accuracy: 82.68%
Epoch [13/100], Train Loss: 0.1104, Val Loss: 0.6305, Val Accuracy: 82.73%
Epoch [14/100], Train Loss: 0.0653, Val Loss: 0.6567, Val Accuracy: 83.65%
Epoch [15/100], Train Loss: 0.0554, Val Loss: 0.6442, Val Accuracy: 84.19%
Epoch [16/100], Train Loss: 0.0524, Val Loss: 0.6869, Val Accuracy: 83.53%
Epoch [17/100], Train Loss: 0.0504, Val Loss: 0.6684, Val Accuracy: 83.05%
Epoch [18/100], Train Loss: 0.0484, Val Loss: 0.7003, Val Accuracy: 81.76%
Epoch [19/100], Train Loss: 0.0474, Val Loss: 0.7393, Val Accuracy: 83.53%
Epoch [20/100], Train Loss: 0.0408, Val Loss: 0.7178, Val Accuracy: 83.93%
Epoch [21/100], Train Loss: 0.0394, Val Loss: 0.6904, Val Accuracy: 83.97%
Epoch [22/100], Train Loss: 0.0382, Val Loss: 0.6903, Val Accuracy: 84.24%
Epoch [23/100], Train Loss: 0.0385, Val Loss: 0.7300, Val Accuracy: 84.04%
Epoch [24/100], Train Loss: 0.0378, Val Loss: 0.7011, Val Accuracy: 84.19%
Epoch [25/100], Train Loss: 0.0377, Val Loss: 0.7350, Val Accuracy: 84.01%
Epoch [26/100], Train Loss: 0.0364, Val Loss: 0.6799, Val Accuracy: 84.09%
Epoch [27/100], Train Loss: 0.0358, Val Loss: 0.7127, Val Accuracy: 84.08%
Early stopping triggered

Model training complete. Loading best model weights...

Classification Report (Initial Split)
---------------------------------------
                     precision    recall  f1-score   support

             Normal       0.87      0.95      0.91      6232
  Obstructive Apnea       0.02      0.03      0.02        36
    Hypopnea Events       0.06      0.01      0.02       335
Central/Mixed Apnea       0.00      0.00      0.00         2
               RERA       0.00      0.00      0.00         0
       Desaturation       0.47      0.31      0.37       889

           accuracy                           0.82      7494
          macro avg       0.24      0.22      0.22      7494
       weighted avg       0.78      0.82      0.80      7494


Confusion Matrix (Initial Split)
--------------------------------

--- 8. Starting Leave-One-Night-Out Cross-Validation ---
--- FOLD 1/9 (Testing on Night: 04-04-2025) ---
  - Original training distribution: Counter({np.int64(0): 25018, np.int64(5): 2183, np.int64(2): 1000, np.int64(1): 135, np.int64(3): 6, np.int64(4): 4})
  - Smallest minority class has 4 samples. Setting k_neighbors for SMOTE to 3.
  - Resampled training distribution: Counter({np.int64(0): 25018, np.int64(2): 25018, np.int64(5): 25018, np.int64(1): 25018, np.int64(3): 25018, np.int64(4): 25018})
  - Training complete for fold 1.
  - Evaluation complete for fold 1.

--- FOLD 2/9 (Testing on Night: 05-04-2025) ---
  - Original training distribution: Counter({np.int64(0): 25857, np.int64(5): 1817, np.int64(2): 824, np.int64(1): 125, np.int64(3): 6, np.int64(4): 4})
  - Smallest minority class has 4 samples. Setting k_neighbors for SMOTE to 3.
  - Resampled training distribution: Counter({np.int64(0): 25857, np.int64(5): 25857, np.int64(2): 25857, np.int64(1): 25857, np.int64(3): 25857, np.int64(4): 25857})
  - Early stopping triggered at epoch 34.
  - Training complete for fold 2.
  - Evaluation complete for fold 2.

--- FOLD 3/9 (Testing on Night: 08-05-2025) ---
  - Original training distribution: Counter({np.int64(0): 25279, np.int64(5): 2167, np.int64(2): 890, np.int64(1): 146, np.int64(3): 6, np.int64(4): 4})
  - Smallest minority class has 4 samples. Setting k_neighbors for SMOTE to 3.
  - Resampled training distribution: Counter({np.int64(0): 25279, np.int64(5): 25279, np.int64(2): 25279, np.int64(1): 25279, np.int64(3): 25279, np.int64(4): 25279})
  - Training complete for fold 3.
  - Evaluation complete for fold 3.

--- FOLD 4/9 (Testing on Night: 10-05-2025) ---
  - Original training distribution: Counter({np.int64(0): 24747, np.int64(5): 2337, np.int64(2): 992, np.int64(1): 115, np.int64(3): 6, np.int64(4): 4})
  - Smallest minority class has 4 samples. Setting k_neighbors for SMOTE to 3.
  - Resampled training distribution: Counter({np.int64(0): 24747, np.int64(5): 24747, np.int64(2): 24747, np.int64(1): 24747, np.int64(3): 24747, np.int64(4): 24747})
  - Early stopping triggered at epoch 99.
  - Training complete for fold 4.
  - Evaluation complete for fold 4.

--- FOLD 5/9 (Testing on Night: 11-05-2025) ---
  - Original training distribution: Counter({np.int64(0): 24694, np.int64(5): 2354, np.int64(2): 952, np.int64(1): 120, np.int64(3): 6, np.int64(4): 4})
  - Smallest minority class has 4 samples. Setting k_neighbors for SMOTE to 3.
  - Resampled training distribution: Counter({np.int64(0): 24694, np.int64(5): 24694, np.int64(2): 24694, np.int64(1): 24694, np.int64(3): 24694, np.int64(4): 24694})
  - Early stopping triggered at epoch 99.
  - Training complete for fold 5.
  - Evaluation complete for fold 5.

--- FOLD 6/9 (Testing on Night: 16-04-2025) ---
  - Original training distribution: Counter({np.int64(0): 24883, np.int64(5): 2313, np.int64(2): 883, np.int64(1): 129, np.int64(3): 6, np.int64(4): 4})
  - Smallest minority class has 4 samples. Setting k_neighbors for SMOTE to 3.
  - Resampled training distribution: Counter({np.int64(0): 24883, np.int64(5): 24883, np.int64(2): 24883, np.int64(1): 24883, np.int64(3): 24883, np.int64(4): 24883})
  - Training complete for fold 6.
  - Evaluation complete for fold 6.

--- FOLD 7/9 (Testing on Night: 24-04-2025) ---
  - Original training distribution: Counter({np.int64(0): 25062, np.int64(5): 2200, np.int64(2): 854, np.int64(1): 147, np.int64(3): 2})
  - Smallest minority class has 2 samples. Setting k_neighbors for SMOTE to 1.
  - Resampled training distribution: Counter({np.int64(0): 25062, np.int64(5): 25062, np.int64(2): 25062, np.int64(1): 25062, np.int64(3): 25062})
  - Training complete for fold 7.
  - Evaluation complete for fold 7.

--- FOLD 8/9 (Testing on Night: 25-04-2025) ---
  - Original training distribution: Counter({np.int64(0): 24313, np.int64(5): 2296, np.int64(2): 909, np.int64(1): 141, np.int64(3): 4, np.int64(4): 4})
  - Smallest minority class has 4 samples. Setting k_neighbors for SMOTE to 3.
  - Resampled training distribution: Counter({np.int64(0): 24313, np.int64(5): 24313, np.int64(2): 24313, np.int64(1): 24313, np.int64(3): 24313, np.int64(4): 24313})
  - Early stopping triggered at epoch 44.
  - Training complete for fold 8.
  - Evaluation complete for fold 8.

--- FOLD 9/9 (Testing on Night: 26-04-2025) ---
  - Original training distribution: Counter({np.int64(0): 25755, np.int64(5): 2341, np.int64(2): 968, np.int64(1): 150, np.int64(3): 6, np.int64(4): 4})
  - Smallest minority class has 4 samples. Setting k_neighbors for SMOTE to 3.
  - Resampled training distribution: Counter({np.int64(0): 25755, np.int64(5): 25755, np.int64(2): 25755, np.int64(1): 25755, np.int64(3): 25755, np.int64(4): 25755})
  - Training complete for fold 9.
  - Evaluation complete for fold 9.


====================================================
Leave-One-Night-Out Cross-Validation Complete.
Aggregated Results Across All Folds:
====================================================
                     precision    recall  f1-score   support

             Normal       0.98      1.00      0.99     56088
  Obstructive Apnea       0.91      0.89      0.90       324
    Hypopnea Events       0.96      0.88      0.92      3015
Central/Mixed Apnea       1.00      0.89      0.94        18
               RERA       0.00      0.00      0.00         0
       Desaturation       0.97      0.90      0.93      8001

           accuracy                           0.98     67446
          macro avg       0.81      0.76      0.78     67446
       weighted avg       0.98      0.98      0.98     67446

======================================================
Job finished at Thu 31 Jul 00:10:27 BST 2025
======================================================
