======================================================
Job started on landonia19.inf.ed.ac.uk at Sun 13 Jul 11:40:36 BST 2025
Job ID: 2044720
======================================================
Conda environment 'diss' activated.
Using python: /home/s1978431/miniconda3/envs/diss/bin/python
Changed to /home/s1978431/DysfunctionalBreathingCharacterisation
Starting Python script: /home/s1978431/DysfunctionalBreathingCharacterisation/src/Classification/attention_cnn_cluster.py
Data source: /home/s1978431/DysfunctionalBreathingCharacterisation/data/bishkek_csr/03_train_ready
Results will be saved to: /home/s1978431/DysfunctionalBreathingCharacterisation/results/cd2044720
--- 1. Setting up configuration and constants ---

--- 2. Loading and preprocessing data ---
Found 9 event files. Processing each one...
  - Processing session: 10-05-2025
  - Applying precise interval-based labels...
  - Processing session: 11-05-2025
  - Applying precise interval-based labels...
  - Processing session: 24-04-2025
  - Applying precise interval-based labels...
  - Processing session: 16-04-2025
  - Applying precise interval-based labels...
  - Processing session: 25-04-2025
  - Applying precise interval-based labels...
  - Processing session: 26-04-2025
  - Applying precise interval-based labels...
  - Processing session: 08-05-2025
  - Applying precise interval-based labels...
  - Processing session: 04-04-2025
  - Applying precise interval-based labels...
  - Processing session: 05-04-2025
  - Applying precise interval-based labels...

----------------------------------------------------
Data loading with PURE signals complete.
Final DataFrame shape: (2363398, 14)
Final class distribution in raw data: 
Label
0    0.883192
5    0.071997
2    0.036877
1    0.007303
3    0.000425
4    0.000205
Name: proportion, dtype: float64

--- 3. Engineering features, imputing missing values, and normalizing ---
Engineering new signal-based features...
New features added: ['breathing_signal_rolling_mean', 'breathing_signal_rolling_std', 'accel_magnitude']

Checking for and imputing missing values (NaNs)...
  - Found 4762 NaNs in 'breathingSignal'. Applying forward-fill and backward-fill.
  - Found 2317390 NaNs in 'breathingRate'. Applying forward-fill and backward-fill.
  - Found 1954 NaNs in 'breathing_signal_rolling_mean'. Applying forward-fill and backward-fill.

Imputation complete. No NaNs remain in feature columns.

Applying per-session (per-subject) normalization...
Normalization complete.

--- 4. Creating time-series windows ---
Number of classes: 6
Class names: ['Normal', 'Obstructive Apnea', 'Hypopnea Events', 'Central/Mixed Apnea', 'RERA', 'Desaturation']

Starting the windowing process on normalized data...

Data windowing complete.
----------------------------------------------------
Shape of X (features): (31897, 375, 6)
Shape of y (labels):   (31897,)
Shape of groups (IDs): (31897,)
Final class distribution across all windows: Counter({np.int64(0): 28201, np.int64(5): 2501, np.int64(2): 1034, np.int64(1): 151, np.int64(3): 6, np.int64(4): 4})

--- 5. Setting up PyTorch device ---
Using device: cuda

--- 6. Performing initial train-test split for preliminary check ---
Train-test split complete.
Training set class distribution: Counter({np.int64(0): 21969, np.int64(5): 1612, np.int64(2): 699, np.int64(1): 115, np.int64(3): 4, np.int64(4): 4})
Testing set class distribution:  Counter({np.int64(0): 6232, np.int64(5): 889, np.int64(2): 335, np.int64(1): 36, np.int64(3): 2})

Balancing the training data using SMOTE...
  - Original training distribution: Counter({np.int64(0): 21969, np.int64(5): 1612, np.int64(2): 699, np.int64(1): 115, np.int64(3): 4, np.int64(4): 4})
Smallest minority class has 4 samples. Setting k_neighbors for SMOTE to 3.
  - Resampled training distribution: Counter({np.int64(0): 21969, np.int64(5): 21969, np.int64(2): 21969, np.int64(1): 21969, np.int64(3): 21969, np.int64(4): 21969})

PyTorch DataLoaders created successfully.

--- 7. Training and Evaluating on the initial split ---

PyTorch Improved CNN model created and moved to device.

Starting PyTorch model training with Early Stopping and LR Scheduler...
Epoch [1/100], Train Loss: 0.7027, Val Loss: 1.5387, Val Accuracy: 37.20%
Epoch [2/100], Train Loss: 0.5487, Val Loss: 1.1237, Val Accuracy: 49.41%
Epoch [3/100], Train Loss: 0.4667, Val Loss: 1.2815, Val Accuracy: 42.46%
Epoch [4/100], Train Loss: 0.3995, Val Loss: 1.2840, Val Accuracy: 41.63%
Epoch [5/100], Train Loss: 0.3428, Val Loss: 0.8952, Val Accuracy: 67.35%
Epoch [6/100], Train Loss: 0.2871, Val Loss: 1.0691, Val Accuracy: 57.65%
Epoch [7/100], Train Loss: 0.2438, Val Loss: 1.2562, Val Accuracy: 50.31%
Epoch [8/100], Train Loss: 0.2117, Val Loss: 0.9725, Val Accuracy: 62.89%
Epoch [9/100], Train Loss: 0.1876, Val Loss: 0.9144, Val Accuracy: 69.08%
Epoch [10/100], Train Loss: 0.1689, Val Loss: 1.0973, Val Accuracy: 57.47%
Epoch [11/100], Train Loss: 0.1569, Val Loss: 0.9990, Val Accuracy: 64.92%
Epoch [12/100], Train Loss: 0.0925, Val Loss: 0.9969, Val Accuracy: 68.28%
Epoch [13/100], Train Loss: 0.0774, Val Loss: 0.9046, Val Accuracy: 71.86%
Epoch [14/100], Train Loss: 0.0707, Val Loss: 1.0707, Val Accuracy: 67.31%
Epoch [15/100], Train Loss: 0.0670, Val Loss: 0.9744, Val Accuracy: 70.22%
Epoch [16/100], Train Loss: 0.0633, Val Loss: 0.9651, Val Accuracy: 70.63%
Epoch [17/100], Train Loss: 0.0617, Val Loss: 1.0847, Val Accuracy: 67.89%
Epoch [18/100], Train Loss: 0.0504, Val Loss: 0.9333, Val Accuracy: 72.66%
Epoch [19/100], Train Loss: 0.0482, Val Loss: 1.0387, Val Accuracy: 69.96%
Epoch [20/100], Train Loss: 0.0460, Val Loss: 0.9463, Val Accuracy: 72.84%
Epoch [21/100], Train Loss: 0.0460, Val Loss: 1.0042, Val Accuracy: 71.80%
Epoch [22/100], Train Loss: 0.0456, Val Loss: 0.9759, Val Accuracy: 73.05%
Epoch [23/100], Train Loss: 0.0447, Val Loss: 1.0249, Val Accuracy: 71.56%
Epoch [24/100], Train Loss: 0.0432, Val Loss: 1.0119, Val Accuracy: 70.95%
Epoch [25/100], Train Loss: 0.0432, Val Loss: 0.9838, Val Accuracy: 71.68%
Early stopping triggered

Model training complete. Loading best model weights...

Classification Report (Initial Split)
---------------------------------------
                     precision    recall  f1-score   support

             Normal       0.86      0.76      0.81      6232
  Obstructive Apnea       0.02      0.06      0.03        36
    Hypopnea Events       0.05      0.10      0.07       335
Central/Mixed Apnea       0.00      0.00      0.00         2
               RERA       0.00      0.00      0.00         0
       Desaturation       0.24      0.33      0.28       889

           accuracy                           0.67      7494
          macro avg       0.20      0.21      0.20      7494
       weighted avg       0.75      0.67      0.71      7494


Confusion Matrix (Initial Split)
--------------------------------

--- 8. Starting Leave-One-Night-Out Cross-Validation ---
--- FOLD 1/9 (Testing on Night: 04-04-2025) ---
  - Original training distribution: Counter({np.int64(0): 25018, np.int64(5): 2183, np.int64(2): 1000, np.int64(1): 135, np.int64(3): 6, np.int64(4): 4})
  - Smallest minority class has 4 samples. Setting k_neighbors for SMOTE to 3.
  - Resampled training distribution: Counter({np.int64(0): 25018, np.int64(2): 25018, np.int64(5): 25018, np.int64(1): 25018, np.int64(3): 25018, np.int64(4): 25018})
  - Early stopping triggered at epoch 88.
  - Training complete for fold 1.
  - Evaluation complete for fold 1.

--- FOLD 2/9 (Testing on Night: 05-04-2025) ---
  - Original training distribution: Counter({np.int64(0): 25857, np.int64(5): 1817, np.int64(2): 824, np.int64(1): 125, np.int64(3): 6, np.int64(4): 4})
  - Smallest minority class has 4 samples. Setting k_neighbors for SMOTE to 3.
  - Resampled training distribution: Counter({np.int64(0): 25857, np.int64(5): 25857, np.int64(2): 25857, np.int64(1): 25857, np.int64(3): 25857, np.int64(4): 25857})
  - Early stopping triggered at epoch 51.
  - Training complete for fold 2.
  - Evaluation complete for fold 2.

--- FOLD 3/9 (Testing on Night: 08-05-2025) ---
  - Original training distribution: Counter({np.int64(0): 25279, np.int64(5): 2167, np.int64(2): 890, np.int64(1): 146, np.int64(3): 6, np.int64(4): 4})
  - Smallest minority class has 4 samples. Setting k_neighbors for SMOTE to 3.
  - Resampled training distribution: Counter({np.int64(0): 25279, np.int64(5): 25279, np.int64(2): 25279, np.int64(1): 25279, np.int64(3): 25279, np.int64(4): 25279})
  - Training complete for fold 3.
  - Evaluation complete for fold 3.

--- FOLD 4/9 (Testing on Night: 10-05-2025) ---
  - Original training distribution: Counter({np.int64(0): 24747, np.int64(5): 2337, np.int64(2): 992, np.int64(1): 115, np.int64(3): 6, np.int64(4): 4})
  - Smallest minority class has 4 samples. Setting k_neighbors for SMOTE to 3.
  - Resampled training distribution: Counter({np.int64(0): 24747, np.int64(5): 24747, np.int64(2): 24747, np.int64(1): 24747, np.int64(3): 24747, np.int64(4): 24747})
  - Training complete for fold 4.
  - Evaluation complete for fold 4.

--- FOLD 5/9 (Testing on Night: 11-05-2025) ---
  - Original training distribution: Counter({np.int64(0): 24694, np.int64(5): 2354, np.int64(2): 952, np.int64(1): 120, np.int64(3): 6, np.int64(4): 4})
  - Smallest minority class has 4 samples. Setting k_neighbors for SMOTE to 3.
  - Resampled training distribution: Counter({np.int64(0): 24694, np.int64(5): 24694, np.int64(2): 24694, np.int64(1): 24694, np.int64(3): 24694, np.int64(4): 24694})
  - Early stopping triggered at epoch 81.
  - Training complete for fold 5.
======================================================
Job finished at Mon 14 Jul 05:38:26 BST 2025
======================================================
