======================================================
Job started on landonia08.inf.ed.ac.uk at Fri  4 Jul 20:02:00 BST 2025
Job ID: 2040467
Submission Directory: /home/s1978431/DysfunctionalBreathingCharacterisation/scripts
======================================================
Conda environment 'diss' activated.
Project directory set to: /home/s1978431/DysfunctionalBreathingCharacterisation
Python script to execute: /home/s1978431/DysfunctionalBreathingCharacterisation/src/gan/ct-gan-xgboost.py
------------------------------------------------------
Starting Python script for CTGAN + XGBoost training...
Changed working directory to /home/s1978431/DysfunctionalBreathingCharacterisation
------------------------------------------------------
Found 9 sessions. Processing one by one...
  - Processing session: 25-04-2025
  - Processing session: 24-04-2025
  - Processing session: 08-05-2025
  - Processing session: 26-04-2025
  - Processing session: 05-04-2025
  - Processing session: 04-04-2025
  - Processing session: 16-04-2025
  - Processing session: 10-05-2025
  - Processing session: 11-05-2025

--- Combining all processed sessions ---

--- Final Data Ready ---
Final DataFrame shape: (5697, 30)
Final class distribution:
Label
0    0.966298
1    0.033702
Name: proportion, dtype: float64

--- Cleaning final feature names for model compatibility ---
Cleaned column names: ['area_mean', 'area_std', 'extremas_mean', 'extremas_std', 'meanActivityLevel_mean', 'meanActivityLevel_std', 'peakRespiratoryFlow_mean', 'peakRespiratoryFlow_std', 'duration_mean', 'duration_std', 'BR_md_mean', 'BR_md_std', 'BR_mean_mean', 'BR_mean_std', 'BR_std_mean', 'BR_std_std', 'AL_md_mean', 'AL_md_std', 'AL_mean_mean', 'AL_mean_std', 'AL_std_mean', 'AL_std_std', 'RRV_mean', 'RRV_std', 'RRV3MA_mean', 'RRV3MA_std', 'breath_regularity_mean', 'breath_regularity_std', 'type__lambda_0>', 'inhalation_count']

Results for this run will be saved in: ./results/run_2025-07-04_20-02-31

--- Step 1: Splitting data into training and testing sets ---

--- Step 2: Isolating minority class (OSA events) for GAN ---
Number of real OSA samples to train GAN on: 144

--- Step 3: Training CTGAN on real OSA data ---
CTGAN synthesizer saved to ./results/run_2025-07-04_20-02-31/ctgan_synthesizer.pkl

--- Step 4: Generating 3984 synthetic OSA samples ---

--- Step 5: Combining real and synthetic data for a balanced training set ---

--- Step 6: Training XGBoost classifier on the balanced data ---
XGBoost classifier saved to ./results/run_2025-07-04_20-02-31/xgboost_classifier.json

--- Step 7: Evaluating model on the original, imbalanced test set ---
Classification report and metrics saved to ./results/run_2025-07-04_20-02-31/classification_metrics.json

Classification Report:
              precision    recall  f1-score   support

  Normal (0)       0.97      0.96      0.97      1377
     OSA (1)       0.06      0.06      0.06        48

    accuracy                           0.93      1425
   macro avg       0.51      0.51      0.51      1425
weighted avg       0.94      0.93      0.93      1425

Area Under PR Curve (AUPRC): 0.0501
Area Under ROC Curve (AUC-ROC): 0.6117
Confusion matrix plot saved to ./results/run_2025-07-04_20-02-31/confusion_matrix.png

--- SCRIPT COMPLETE ---
======================================================
Job finished at Fri  4 Jul 20:03:57 BST 2025
======================================================
