======================================================
Job started on landonia02.inf.ed.ac.uk at Sat  5 Jul 15:25:45 BST 2025
Job ID: 2040622
======================================================
Conda environment 'diss' activated
Project root directory set to: /home/s1978431/DysfunctionalBreathingCharacterisation
Python script to execute: /home/s1978431/DysfunctionalBreathingCharacterisation/src/gan/train_gan.py
------------------------------------------------------
Starting Python script for Time-Series GAN training...
Running with the following parameters:
  - Data Path: /home/s1978431/DysfunctionalBreathingCharacterisation/data/bishkek_csr/
  - Output Dir: /home/s1978431/DysfunctionalBreathingCharacterisation/outputs/gan_experiment_20250705_152604
  - Epochs: 10000
  - Batch Size: 128
  - Learning Rate: 0.0002
  - Latent Dim: 100
------------------------------------------------------
  - Processing session: 25-04-2025
  - Preparing and merging engineered features using Unix time intervals...
  - Applying precise interval-based labels...
  - Processing session: 16-04-2025
  - Preparing and merging engineered features using Unix time intervals...
  - Applying precise interval-based labels...
  - Processing session: 24-04-2025
  - Preparing and merging engineered features using Unix time intervals...
  - Applying precise interval-based labels...
  - Processing session: 26-04-2025
  - Preparing and merging engineered features using Unix time intervals...
  - Applying precise interval-based labels...
  - Processing session: 11-05-2025
  - Preparing and merging engineered features using Unix time intervals...
  - Applying precise interval-based labels...
  - Processing session: 10-05-2025
  - Preparing and merging engineered features using Unix time intervals...
  - Applying precise interval-based labels...
  - Processing session: 08-05-2025
  - Preparing and merging engineered features using Unix time intervals...
  - Applying precise interval-based labels...
  - Processing session: 05-04-2025
  - Preparing and merging engineered features using Unix time intervals...
  - Applying precise interval-based labels...
  - Processing session: 04-04-2025
  - Preparing and merging engineered features using Unix time intervals...
  - Applying precise interval-based labels...

----------------------------------------------------
Data loading with PRECISE interval labeling complete.
Final DataFrame shape: (2139235, 30)
Final class distribution in raw data: 
Label
0    0.988052
1    0.011948
Name: proportion, dtype: float64
======================================================
Job finished at Sat  5 Jul 16:41:19 BST 2025
======================================================
