2025-07-06 18:12:57,461 - INFO - Using device: cuda
2025-07-06 18:12:57,463 - INFO - Loading and processing data...
2025-07-06 18:12:57,474 - INFO - Found 9 event files.
2025-07-06 18:12:57,488 - INFO - Processing session: 25-04-2025
2025-07-06 18:13:09,778 - INFO - Processing session: 16-04-2025
2025-07-06 18:13:20,942 - INFO - Processing session: 24-04-2025
2025-07-06 18:13:30,890 - INFO - Processing session: 26-04-2025
2025-07-06 18:13:38,744 - INFO - Processing session: 11-05-2025
2025-07-06 18:13:48,700 - INFO - Processing session: 10-05-2025
2025-07-06 18:13:51,512 - INFO - Processing session: 08-05-2025
2025-07-06 18:14:00,131 - INFO - Processing session: 05-04-2025
2025-07-06 18:14:10,449 - INFO - Processing session: 04-04-2025
2025-07-06 18:14:21,087 - INFO - Data loaded. Raw DataFrame shape: (2139235, 29)
2025-07-06 18:14:21,087 - INFO - One-hot encoding 'activityType'...
2025-07-06 18:14:22,554 - INFO - Total number of features after encoding: 28
2025-07-06 18:14:22,554 - INFO - Imputing missing values in feature columns...
2025-07-06 18:14:25,160 - INFO - Starting windowing process...
2025-07-06 18:16:01,774 - INFO - Windowing complete. X shape: (28868, 375, 28), y shape: (28868,)
2025-07-06 18:16:01,781 - INFO - Class distribution in windows: Counter({np.int64(0): 27958, np.int64(1): 910})
2025-07-06 18:16:20,001 - INFO - Starting WGAN-GP training...
/home/s1978431/miniconda3/envs/diss/lib/python3.11/site-packages/torch/autograd/graph.py:824: UserWarning: Attempting to run cuBLAS, but there was no current CUDA context! Attempting to set the primary context... (Triggered internally at /pytorch/aten/src/ATen/cuda/CublasHandlePool.cpp:181.)
  return Variable._execution_engine.run_backward(  # Calls into the C++ engine to run the backward pass
2025-07-06 18:25:20,260 - INFO - Epoch 5/5000 - C_loss: 2.9250, G_loss: -15.7322, W_dist: -0.3879
2025-07-06 18:32:39,432 - INFO - Epoch 10/5000 - C_loss: -1.6510, G_loss: -30.3358, W_dist: 4.9688
2025-07-06 18:39:56,502 - INFO - Epoch 15/5000 - C_loss: -2.5736, G_loss: -24.8252, W_dist: 4.2915
2025-07-06 18:47:14,036 - INFO - Epoch 20/5000 - C_loss: -2.8149, G_loss: -23.4830, W_dist: 2.1342
2025-07-06 18:54:24,251 - INFO - Epoch 25/5000 - C_loss: -1.5009, G_loss: 9.0848, W_dist: 4.7930
2025-07-06 19:01:36,389 - INFO - Epoch 30/5000 - C_loss: -9.7293, G_loss: 8.6224, W_dist: 13.0876
2025-07-06 19:08:48,382 - INFO - Epoch 35/5000 - C_loss: -7.4069, G_loss: 11.0929, W_dist: 11.3071
2025-07-06 19:15:59,101 - INFO - Epoch 40/5000 - C_loss: -1.5020, G_loss: -13.0643, W_dist: 2.3127
2025-07-06 19:23:12,310 - INFO - Epoch 45/5000 - C_loss: -1.7280, G_loss: -28.6521, W_dist: 4.2560
2025-07-06 19:30:25,005 - INFO - Epoch 50/5000 - C_loss: 21.5635, G_loss: -21.6097, W_dist: -8.1608
2025-07-06 19:37:41,788 - INFO - Epoch 55/5000 - C_loss: -4.2077, G_loss: -13.6219, W_dist: 7.1047
2025-07-06 19:47:30,641 - INFO - Epoch 60/5000 - C_loss: -8.2747, G_loss: 16.5228, W_dist: 14.8747
2025-07-06 19:56:19,228 - INFO - Epoch 65/5000 - C_loss: 88.9177, G_loss: 39.7677, W_dist: 8.1785
2025-07-06 20:04:26,304 - INFO - Epoch 70/5000 - C_loss: -8.6804, G_loss: 6.5525, W_dist: 35.5029
2025-07-06 20:11:43,717 - INFO - Epoch 75/5000 - C_loss: -15.3714, G_loss: 27.0255, W_dist: 29.8562
2025-07-06 20:18:59,882 - INFO - Epoch 80/5000 - C_loss: -1.5687, G_loss: -44.9746, W_dist: 0.3947
2025-07-06 20:26:15,587 - INFO - Epoch 85/5000 - C_loss: -12.8583, G_loss: 21.8991, W_dist: 16.5452
2025-07-06 20:33:32,134 - INFO - Epoch 90/5000 - C_loss: 6.7788, G_loss: -53.3624, W_dist: 0.3922
2025-07-06 20:40:49,340 - INFO - Epoch 95/5000 - C_loss: -2.5783, G_loss: -37.4320, W_dist: 4.8163
2025-07-06 20:48:07,353 - INFO - Epoch 100/5000 - C_loss: -6.5141, G_loss: -22.8549, W_dist: 9.6323
2025-07-06 20:55:18,802 - INFO - Epoch 105/5000 - C_loss: -14.0147, G_loss: -21.4230, W_dist: 13.8213
2025-07-06 21:02:31,112 - INFO - Epoch 110/5000 - C_loss: 12.5938, G_loss: 5.9487, W_dist: 1.7987
2025-07-06 21:09:44,227 - INFO - Epoch 115/5000 - C_loss: -15.4625, G_loss: 11.9142, W_dist: 18.6296
2025-07-06 21:16:54,238 - INFO - Epoch 120/5000 - C_loss: -9.5552, G_loss: -9.3946, W_dist: 5.5727
2025-07-06 21:24:07,355 - INFO - Epoch 125/5000 - C_loss: 2.0624, G_loss: -80.5755, W_dist: 1.2799
2025-07-06 21:31:19,526 - INFO - Epoch 130/5000 - C_loss: -12.5337, G_loss: 14.5993, W_dist: 16.7930
2025-07-06 21:38:28,275 - INFO - Epoch 135/5000 - C_loss: -5.1649, G_loss: -35.5777, W_dist: 14.3285
2025-07-06 21:48:00,124 - INFO - Epoch 140/5000 - C_loss: -16.7814, G_loss: -9.1591, W_dist: 23.7891
2025-07-06 21:55:18,526 - INFO - Epoch 145/5000 - C_loss: -19.2605, G_loss: 9.3463, W_dist: 18.9240
2025-07-06 22:02:27,923 - INFO - Epoch 150/5000 - C_loss: -17.8771, G_loss: 6.2894, W_dist: 24.3402
2025-07-06 22:09:38,312 - INFO - Epoch 155/5000 - C_loss: -15.0941, G_loss: 0.6289, W_dist: 16.4987
2025-07-06 22:16:46,762 - INFO - Epoch 160/5000 - C_loss: -18.6379, G_loss: 12.2114, W_dist: 18.7216
2025-07-06 22:23:56,850 - INFO - Epoch 165/5000 - C_loss: -19.0739, G_loss: 8.1104, W_dist: 20.3066
2025-07-06 22:31:08,990 - INFO - Epoch 170/5000 - C_loss: -15.5971, G_loss: 28.6894, W_dist: 14.3060
2025-07-06 22:38:22,040 - INFO - Epoch 175/5000 - C_loss: -16.9291, G_loss: 27.4285, W_dist: 25.0792
2025-07-06 22:45:38,146 - INFO - Epoch 180/5000 - C_loss: -9.2681, G_loss: 22.3787, W_dist: 18.7689
2025-07-06 22:52:52,050 - INFO - Epoch 185/5000 - C_loss: -13.9077, G_loss: -27.2224, W_dist: 15.3124
2025-07-06 23:00:07,235 - INFO - Epoch 190/5000 - C_loss: -16.3215, G_loss: -16.7803, W_dist: 25.4965
2025-07-06 23:07:15,831 - INFO - Epoch 195/5000 - C_loss: -17.9992, G_loss: -12.2161, W_dist: 23.5627
2025-07-06 23:14:26,028 - INFO - Epoch 200/5000 - C_loss: -20.4700, G_loss: -5.5358, W_dist: 23.9597
2025-07-06 23:21:37,299 - INFO - Epoch 205/5000 - C_loss: -17.9799, G_loss: -6.5320, W_dist: 17.4764
2025-07-06 23:28:44,920 - INFO - Epoch 210/5000 - C_loss: -21.4636, G_loss: 5.3158, W_dist: 20.1318
2025-07-06 23:35:54,626 - INFO - Epoch 215/5000 - C_loss: -21.1991, G_loss: 6.6138, W_dist: 28.0154
2025-07-06 23:43:04,261 - INFO - Epoch 220/5000 - C_loss: -22.5909, G_loss: 4.9986, W_dist: 38.9637
2025-07-06 23:50:13,929 - INFO - Epoch 225/5000 - C_loss: -22.3462, G_loss: 12.5489, W_dist: 31.9022
2025-07-06 23:57:20,953 - INFO - Epoch 230/5000 - C_loss: -22.6197, G_loss: 7.1743, W_dist: 42.1989
2025-07-07 00:04:31,786 - INFO - Epoch 235/5000 - C_loss: -23.3222, G_loss: 17.9190, W_dist: 40.4076
2025-07-07 00:12:13,468 - INFO - Epoch 240/5000 - C_loss: -23.2685, G_loss: 16.5676, W_dist: 40.9874
2025-07-07 00:20:20,065 - INFO - Epoch 245/5000 - C_loss: -22.5932, G_loss: 20.6015, W_dist: 40.5160
2025-07-07 00:27:33,336 - INFO - Epoch 250/5000 - C_loss: -23.4614, G_loss: 11.7503, W_dist: 31.2431
2025-07-07 00:34:55,776 - INFO - Epoch 255/5000 - C_loss: -22.2512, G_loss: 16.2012, W_dist: 31.0994
2025-07-07 00:42:19,734 - INFO - Epoch 260/5000 - C_loss: -22.8851, G_loss: 17.7287, W_dist: 21.8553
2025-07-07 00:49:27,250 - INFO - Epoch 265/5000 - C_loss: -22.7107, G_loss: 19.6056, W_dist: 41.5412
2025-07-07 00:56:42,250 - INFO - Epoch 270/5000 - C_loss: -24.2142, G_loss: 20.8169, W_dist: 24.4741
2025-07-07 01:03:53,737 - INFO - Epoch 275/5000 - C_loss: -22.7242, G_loss: 21.4174, W_dist: 31.1374
2025-07-07 01:11:06,948 - INFO - Epoch 280/5000 - C_loss: -22.4719, G_loss: 17.8557, W_dist: 36.3155
2025-07-07 01:18:17,905 - INFO - Epoch 285/5000 - C_loss: -22.8368, G_loss: 16.3423, W_dist: 39.2542
2025-07-07 01:25:28,205 - INFO - Epoch 290/5000 - C_loss: -22.9541, G_loss: 16.0452, W_dist: 32.7374
2025-07-07 01:32:38,391 - INFO - Epoch 295/5000 - C_loss: -24.3817, G_loss: 11.4481, W_dist: 23.8063
2025-07-07 01:39:47,504 - INFO - Epoch 300/5000 - C_loss: -19.6956, G_loss: 23.1865, W_dist: 31.1059
2025-07-07 01:46:57,709 - INFO - Epoch 305/5000 - C_loss: -22.9835, G_loss: 17.6658, W_dist: 34.4286
2025-07-07 01:54:09,332 - INFO - Epoch 310/5000 - C_loss: -20.5018, G_loss: 16.9362, W_dist: 26.6923
2025-07-07 02:01:20,676 - INFO - Epoch 315/5000 - C_loss: -23.1007, G_loss: 15.4818, W_dist: 33.7219
2025-07-07 02:08:35,142 - INFO - Epoch 320/5000 - C_loss: -21.5822, G_loss: 18.9220, W_dist: 29.7272
2025-07-07 02:15:53,657 - INFO - Epoch 325/5000 - C_loss: -25.8494, G_loss: 18.4177, W_dist: 26.7135
2025-07-07 02:23:10,642 - INFO - Epoch 330/5000 - C_loss: -23.3486, G_loss: 18.5543, W_dist: 33.8564
2025-07-07 02:30:20,708 - INFO - Epoch 335/5000 - C_loss: -22.8913, G_loss: 18.9237, W_dist: 34.4420
2025-07-07 02:37:34,201 - INFO - Epoch 340/5000 - C_loss: -23.6215, G_loss: 20.3507, W_dist: 23.9840
2025-07-07 02:44:47,652 - INFO - Epoch 345/5000 - C_loss: -23.7278, G_loss: 17.9898, W_dist: 25.5710
2025-07-07 02:52:06,209 - INFO - Epoch 350/5000 - C_loss: -23.9338, G_loss: 21.8764, W_dist: 33.9695
2025-07-07 02:59:16,669 - INFO - Epoch 355/5000 - C_loss: -24.2033, G_loss: 16.3597, W_dist: 33.0623
2025-07-07 03:06:31,172 - INFO - Epoch 360/5000 - C_loss: -23.0049, G_loss: 20.6546, W_dist: 41.1208
2025-07-07 03:15:16,638 - INFO - Epoch 365/5000 - C_loss: -24.7171, G_loss: 19.0527, W_dist: 33.7356
2025-07-07 03:22:57,589 - INFO - Epoch 370/5000 - C_loss: -24.1280, G_loss: 18.2982, W_dist: 24.9950
2025-07-07 03:30:08,827 - INFO - Epoch 375/5000 - C_loss: -25.0946, G_loss: 20.9596, W_dist: 27.8580
2025-07-07 03:37:28,617 - INFO - Epoch 380/5000 - C_loss: -25.6661, G_loss: 21.9463, W_dist: 36.5005
2025-07-07 03:44:54,937 - INFO - Epoch 385/5000 - C_loss: -23.4182, G_loss: 16.5700, W_dist: 24.5224
2025-07-07 03:52:20,532 - INFO - Epoch 390/5000 - C_loss: -25.4173, G_loss: 23.5522, W_dist: 28.4067
2025-07-07 03:59:32,529 - INFO - Epoch 395/5000 - C_loss: -23.3438, G_loss: 28.6443, W_dist: 41.6388
2025-07-07 04:08:33,686 - INFO - Epoch 400/5000 - C_loss: -25.3328, G_loss: 26.0811, W_dist: 30.8663
2025-07-07 04:15:51,128 - INFO - Epoch 405/5000 - C_loss: -24.6409, G_loss: 27.1444, W_dist: 40.9611
2025-07-07 04:23:23,655 - INFO - Epoch 410/5000 - C_loss: -24.1631, G_loss: 21.5330, W_dist: 18.3089
2025-07-07 04:33:27,620 - INFO - Epoch 415/5000 - C_loss: -22.9250, G_loss: 21.6542, W_dist: 19.1608
2025-07-07 04:43:21,339 - INFO - Epoch 420/5000 - C_loss: -24.3077, G_loss: 21.6262, W_dist: 27.0814
2025-07-07 04:52:44,224 - INFO - Epoch 425/5000 - C_loss: -23.3378, G_loss: 20.0314, W_dist: 31.0928
2025-07-07 04:59:55,214 - INFO - Epoch 430/5000 - C_loss: -25.8670, G_loss: 19.9513, W_dist: 29.4914
2025-07-07 05:09:00,891 - INFO - Epoch 435/5000 - C_loss: -23.4213, G_loss: 20.4680, W_dist: 33.8668
2025-07-07 05:18:49,460 - INFO - Epoch 440/5000 - C_loss: -25.0292, G_loss: 23.9918, W_dist: 24.3489
2025-07-07 05:26:16,048 - INFO - Epoch 445/5000 - C_loss: -22.7063, G_loss: 19.6845, W_dist: 41.2387
2025-07-07 05:35:00,429 - INFO - Epoch 450/5000 - C_loss: -25.3302, G_loss: 21.5529, W_dist: 27.7057
2025-07-07 05:42:10,603 - INFO - Epoch 455/5000 - C_loss: -23.5559, G_loss: 24.4850, W_dist: 32.4151
2025-07-07 05:49:23,381 - INFO - Epoch 460/5000 - C_loss: -23.6216, G_loss: 34.5504, W_dist: 24.5871
2025-07-07 05:56:36,863 - INFO - Epoch 465/5000 - C_loss: -21.0910, G_loss: 22.1986, W_dist: 40.9498
2025-07-07 06:03:50,205 - INFO - Epoch 470/5000 - C_loss: -25.1871, G_loss: 19.1021, W_dist: 24.5284
2025-07-07 06:11:04,959 - INFO - Epoch 475/5000 - C_loss: -26.0791, G_loss: 16.7602, W_dist: 36.8767
2025-07-07 06:18:21,971 - INFO - Epoch 480/5000 - C_loss: -21.4291, G_loss: 15.1370, W_dist: 35.3437
2025-07-07 06:25:37,060 - INFO - Epoch 485/5000 - C_loss: -23.7250, G_loss: 15.6016, W_dist: 26.9190
2025-07-07 06:32:48,610 - INFO - Epoch 490/5000 - C_loss: -24.3065, G_loss: 15.9072, W_dist: 41.4384
2025-07-07 06:40:02,576 - INFO - Epoch 495/5000 - C_loss: -25.0718, G_loss: 14.3590, W_dist: 32.2241
2025-07-07 06:47:15,382 - INFO - Epoch 500/5000 - C_loss: -17.4841, G_loss: 12.8594, W_dist: 30.9103
2025-07-07 06:54:27,824 - INFO - Epoch 505/5000 - C_loss: -24.4233, G_loss: 16.4803, W_dist: 30.0477
2025-07-07 07:01:38,993 - INFO - Epoch 510/5000 - C_loss: -25.0038, G_loss: 15.5905, W_dist: 50.3547
2025-07-07 07:08:51,098 - INFO - Epoch 515/5000 - C_loss: -19.0536, G_loss: 20.5072, W_dist: 34.4622
2025-07-07 07:16:03,064 - INFO - Epoch 520/5000 - C_loss: -26.3030, G_loss: 15.3068, W_dist: 33.4426
2025-07-07 07:23:12,819 - INFO - Epoch 525/5000 - C_loss: -22.8559, G_loss: 13.0707, W_dist: 37.6796
2025-07-07 07:30:26,384 - INFO - Epoch 530/5000 - C_loss: -25.0586, G_loss: 17.4133, W_dist: 36.9104
2025-07-07 07:37:39,773 - INFO - Epoch 535/5000 - C_loss: -24.1306, G_loss: 19.3515, W_dist: 23.7848
2025-07-07 07:44:52,657 - INFO - Epoch 540/5000 - C_loss: -21.3299, G_loss: 13.1306, W_dist: 24.0073
2025-07-07 07:52:03,360 - INFO - Epoch 545/5000 - C_loss: -23.8115, G_loss: 14.4336, W_dist: 29.5789
2025-07-07 07:59:15,903 - INFO - Epoch 550/5000 - C_loss: -24.9058, G_loss: 19.6087, W_dist: 33.2862
2025-07-07 08:07:05,252 - INFO - Epoch 555/5000 - C_loss: -24.5783, G_loss: 14.0201, W_dist: 45.3040
2025-07-07 08:16:38,312 - INFO - Epoch 560/5000 - C_loss: -22.7899, G_loss: 12.6429, W_dist: 27.2290
2025-07-07 08:23:51,573 - INFO - Epoch 565/5000 - C_loss: -25.0974, G_loss: 15.9829, W_dist: 34.8818
2025-07-07 08:31:06,069 - INFO - Epoch 570/5000 - C_loss: -24.9249, G_loss: 14.9493, W_dist: 35.6688
2025-07-07 08:38:19,315 - INFO - Epoch 575/5000 - C_loss: -26.0588, G_loss: 15.8066, W_dist: 35.9301
2025-07-07 08:45:32,632 - INFO - Epoch 580/5000 - C_loss: -26.9314, G_loss: 13.1470, W_dist: 30.3579
2025-07-07 08:52:42,521 - INFO - Epoch 585/5000 - C_loss: -25.0874, G_loss: 13.4643, W_dist: 17.6959
2025-07-07 08:59:55,220 - INFO - Epoch 590/5000 - C_loss: -23.5306, G_loss: 9.0640, W_dist: 34.1325
2025-07-07 09:07:07,879 - INFO - Epoch 595/5000 - C_loss: -26.6055, G_loss: 13.3460, W_dist: 38.8680
2025-07-07 09:14:17,610 - INFO - Epoch 600/5000 - C_loss: -24.6026, G_loss: 14.8011, W_dist: 32.4494
2025-07-07 09:22:12,493 - INFO - Epoch 605/5000 - C_loss: -24.4773, G_loss: 19.7542, W_dist: 49.4713
2025-07-07 09:30:25,619 - INFO - Epoch 610/5000 - C_loss: -25.6047, G_loss: 13.3470, W_dist: 49.3881
2025-07-07 09:37:39,794 - INFO - Epoch 615/5000 - C_loss: -24.2871, G_loss: 16.7395, W_dist: 43.9015
2025-07-07 09:44:50,755 - INFO - Epoch 620/5000 - C_loss: -23.9868, G_loss: 19.2685, W_dist: 36.8801
2025-07-07 09:52:03,145 - INFO - Epoch 625/5000 - C_loss: -26.5165, G_loss: 15.1569, W_dist: 31.9185
2025-07-07 09:59:15,827 - INFO - Epoch 630/5000 - C_loss: -24.9570, G_loss: 11.1308, W_dist: 40.1068
2025-07-07 10:06:28,602 - INFO - Epoch 635/5000 - C_loss: -24.2357, G_loss: 17.5014, W_dist: 40.3674
2025-07-07 10:13:39,461 - INFO - Epoch 640/5000 - C_loss: -25.0037, G_loss: 13.1164, W_dist: 36.9991
2025-07-07 10:20:51,961 - INFO - Epoch 645/5000 - C_loss: -25.0323, G_loss: 14.9857, W_dist: 20.4403
2025-07-07 10:28:04,774 - INFO - Epoch 650/5000 - C_loss: -24.1398, G_loss: 10.7621, W_dist: 25.2151
2025-07-07 10:35:15,733 - INFO - Epoch 655/5000 - C_loss: 126.6257, G_loss: 10.1299, W_dist: 25.2283
2025-07-07 10:42:29,014 - INFO - Epoch 660/5000 - C_loss: -24.0125, G_loss: 14.3672, W_dist: 36.0699
2025-07-07 10:49:44,740 - INFO - Epoch 665/5000 - C_loss: -18.7449, G_loss: 17.3811, W_dist: 38.0292
2025-07-07 10:57:02,546 - INFO - Epoch 670/5000 - C_loss: -24.1621, G_loss: 15.6542, W_dist: 35.3781
2025-07-07 11:04:19,005 - INFO - Epoch 675/5000 - C_loss: -21.2656, G_loss: 11.9521, W_dist: 38.7640
slurmstepd-landonia19: error: *** JOB 2041394 ON landonia19 CANCELLED AT 2025-07-07T11:10:13 ***
